<?xml version="1.0" encoding="UTF-8"?>
<testng-results ignored="0" total="1" passed="1" failed="0" skipped="0">
  <reporter-output>
  </reporter-output>
  <suite started-at="2020-08-11T09:41:09 IST" name="Default suite" finished-at="2020-08-11T09:41:18 IST" duration-ms="9002">
    <groups>
    </groups>
    <test started-at="2020-08-11T09:41:09 IST" name="Default test" finished-at="2020-08-11T09:41:18 IST" duration-ms="9002">
      <class name="reports.ExtentReport">
        <test-method is-config="true" signature="config()[pri:0, instance:reports.ExtentReport@43301423]" started-at="2020-08-11T09:41:09 IST" name="config" finished-at="2020-08-11T09:41:09 IST" duration-ms="250" status="PASS">
          <reporter-output>
          </reporter-output>
        </test-method> <!-- config -->
        <test-method signature="initialDemo()[pri:0, instance:reports.ExtentReport@43301423]" started-at="2020-08-11T09:41:09 IST" name="initialDemo" finished-at="2020-08-11T09:41:18 IST" duration-ms="8695" status="PASS">
          <reporter-output>
          </reporter-output>
        </test-method> <!-- initialDemo -->
      </class> <!-- reports.ExtentReport -->
    </test> <!-- Default test -->
  </suite> <!-- Default suite -->
</testng-results>
